2014-03-10 01:40:42 Error: [PDOException] SQLSTATE[42S22]: Column not found: 1054 Unknown column 'User.student_id' in 'on clause'
Request URL: /Students/profile
Stack Trace:
#0 /var/www/Vendor/pear-pear.cakephp.org/CakePHP/Cake/Model/Datasource/DboSource.php(458): PDOStatement->execute(Array)
#1 /var/www/Vendor/pear-pear.cakephp.org/CakePHP/Cake/Model/Datasource/DboSource.php(424): DboSource->_execute('SELECT `Student...', Array)
#2 /var/www/Vendor/pear-pear.cakephp.org/CakePHP/Cake/Model/Datasource/DboSource.php(665): DboSource->execute('SELECT `Student...', Array, Array)
#3 /var/www/Vendor/pear-pear.cakephp.org/CakePHP/Cake/Model/Datasource/DboSource.php(1077): DboSource->fetchAll('SELECT `Student...', false)
#4 /var/www/Vendor/pear-pear.cakephp.org/CakePHP/Cake/Model/Model.php(2902): DboSource->read(Object(Student), Array)
#5 /var/www/Vendor/pear-pear.cakephp.org/CakePHP/Cake/Model/Model.php(2874): Model->_readDataSource('first', Array)
#6 /var/www/elearning/Controller/StudentsController.php(109): Model->find('first', Array)
#7 [internal function]: StudentsController->profile()
#8 /var/www/Vendor/pear-pear.cakephp.org/CakePHP/Cake/Controller/Controller.php(490): ReflectionMethod->invokeArgs(Object(StudentsController), Array)
#9 /var/www/Vendor/pear-pear.cakephp.org/CakePHP/Cake/Routing/Dispatcher.php(185): Controller->invokeAction(Object(CakeRequest))
#10 /var/www/Vendor/pear-pear.cakephp.org/CakePHP/Cake/Routing/Dispatcher.php(160): Dispatcher->_invoke(Object(StudentsController), Object(CakeRequest), Object(CakeResponse))
#11 /var/www/elearning/webroot/index.php(100): Dispatcher->dispatch(Object(CakeRequest), Object(CakeResponse))
#12 {main}
2014-03-10 01:42:14 Error: [PDOException] SQLSTATE[42S22]: Column not found: 1054 Unknown column 'User.student_id' in 'on clause'
Request URL: /Students/profile
Stack Trace:
#0 /var/www/Vendor/pear-pear.cakephp.org/CakePHP/Cake/Model/Datasource/DboSource.php(458): PDOStatement->execute(Array)
#1 /var/www/Vendor/pear-pear.cakephp.org/CakePHP/Cake/Model/Datasource/DboSource.php(424): DboSource->_execute('SELECT `Student...', Array)
#2 /var/www/Vendor/pear-pear.cakephp.org/CakePHP/Cake/Model/Datasource/DboSource.php(665): DboSource->execute('SELECT `Student...', Array, Array)
#3 /var/www/Vendor/pear-pear.cakephp.org/CakePHP/Cake/Model/Datasource/DboSource.php(1077): DboSource->fetchAll('SELECT `Student...', false)
#4 /var/www/Vendor/pear-pear.cakephp.org/CakePHP/Cake/Model/Model.php(2902): DboSource->read(Object(Student), Array)
#5 /var/www/Vendor/pear-pear.cakephp.org/CakePHP/Cake/Model/Model.php(2874): Model->_readDataSource('first', Array)
#6 /var/www/elearning/Controller/StudentsController.php(109): Model->find('first', Array)
#7 [internal function]: StudentsController->profile()
#8 /var/www/Vendor/pear-pear.cakephp.org/CakePHP/Cake/Controller/Controller.php(490): ReflectionMethod->invokeArgs(Object(StudentsController), Array)
#9 /var/www/Vendor/pear-pear.cakephp.org/CakePHP/Cake/Routing/Dispatcher.php(185): Controller->invokeAction(Object(CakeRequest))
#10 /var/www/Vendor/pear-pear.cakephp.org/CakePHP/Cake/Routing/Dispatcher.php(160): Dispatcher->_invoke(Object(StudentsController), Object(CakeRequest), Object(CakeResponse))
#11 /var/www/elearning/webroot/index.php(100): Dispatcher->dispatch(Object(CakeRequest), Object(CakeResponse))
#12 {main}
2014-03-10 01:44:00 Error: [PDOException] SQLSTATE[42S22]: Column not found: 1054 Unknown column 'User.student_id' in 'on clause'
Request URL: /Students/profile
Stack Trace:
#0 /var/www/Vendor/pear-pear.cakephp.org/CakePHP/Cake/Model/Datasource/DboSource.php(458): PDOStatement->execute(Array)
#1 /var/www/Vendor/pear-pear.cakephp.org/CakePHP/Cake/Model/Datasource/DboSource.php(424): DboSource->_execute('SELECT `Student...', Array)
#2 /var/www/Vendor/pear-pear.cakephp.org/CakePHP/Cake/Model/Datasource/DboSource.php(665): DboSource->execute('SELECT `Student...', Array, Array)
#3 /var/www/Vendor/pear-pear.cakephp.org/CakePHP/Cake/Model/Datasource/DboSource.php(1077): DboSource->fetchAll('SELECT `Student...', false)
#4 /var/www/Vendor/pear-pear.cakephp.org/CakePHP/Cake/Model/Model.php(2902): DboSource->read(Object(Student), Array)
#5 /var/www/Vendor/pear-pear.cakephp.org/CakePHP/Cake/Model/Model.php(2874): Model->_readDataSource('first', Array)
#6 /var/www/elearning/Controller/StudentsController.php(109): Model->find('first', Array)
#7 [internal function]: StudentsController->profile()
#8 /var/www/Vendor/pear-pear.cakephp.org/CakePHP/Cake/Controller/Controller.php(490): ReflectionMethod->invokeArgs(Object(StudentsController), Array)
#9 /var/www/Vendor/pear-pear.cakephp.org/CakePHP/Cake/Routing/Dispatcher.php(185): Controller->invokeAction(Object(CakeRequest))
#10 /var/www/Vendor/pear-pear.cakephp.org/CakePHP/Cake/Routing/Dispatcher.php(160): Dispatcher->_invoke(Object(StudentsController), Object(CakeRequest), Object(CakeResponse))
#11 /var/www/elearning/webroot/index.php(100): Dispatcher->dispatch(Object(CakeRequest), Object(CakeResponse))
#12 {main}
2014-03-10 01:44:04 Error: [MissingViewException] View file "/var/www/elearning/View/Students/index.ctp" is missing.
Exception Attributes: array (
  'file' => '/var/www/elearning/View/Students/index.ctp',
)
Request URL: /Students/
Stack Trace:
#0 /var/www/Vendor/pear-pear.cakephp.org/CakePHP/Cake/View/View.php(457): View->_getViewFileName(NULL)
#1 /var/www/Vendor/pear-pear.cakephp.org/CakePHP/Cake/Controller/Controller.php(952): View->render(NULL, NULL)
#2 /var/www/Vendor/pear-pear.cakephp.org/CakePHP/Cake/Routing/Dispatcher.php(192): Controller->render()
#3 /var/www/Vendor/pear-pear.cakephp.org/CakePHP/Cake/Routing/Dispatcher.php(160): Dispatcher->_invoke(Object(StudentsController), Object(CakeRequest), Object(CakeResponse))
#4 /var/www/elearning/webroot/index.php(100): Dispatcher->dispatch(Object(CakeRequest), Object(CakeResponse))
#5 {main}
2014-03-10 01:44:07 Error: [PDOException] SQLSTATE[42S22]: Column not found: 1054 Unknown column 'User.student_id' in 'on clause'
Request URL: /Students/profile
Stack Trace:
#0 /var/www/Vendor/pear-pear.cakephp.org/CakePHP/Cake/Model/Datasource/DboSource.php(458): PDOStatement->execute(Array)
#1 /var/www/Vendor/pear-pear.cakephp.org/CakePHP/Cake/Model/Datasource/DboSource.php(424): DboSource->_execute('SELECT `Student...', Array)
#2 /var/www/Vendor/pear-pear.cakephp.org/CakePHP/Cake/Model/Datasource/DboSource.php(665): DboSource->execute('SELECT `Student...', Array, Array)
#3 /var/www/Vendor/pear-pear.cakephp.org/CakePHP/Cake/Model/Datasource/DboSource.php(1077): DboSource->fetchAll('SELECT `Student...', false)
#4 /var/www/Vendor/pear-pear.cakephp.org/CakePHP/Cake/Model/Model.php(2902): DboSource->read(Object(Student), Array)
#5 /var/www/Vendor/pear-pear.cakephp.org/CakePHP/Cake/Model/Model.php(2874): Model->_readDataSource('first', Array)
#6 /var/www/elearning/Controller/StudentsController.php(109): Model->find('first', Array)
#7 [internal function]: StudentsController->profile()
#8 /var/www/Vendor/pear-pear.cakephp.org/CakePHP/Cake/Controller/Controller.php(490): ReflectionMethod->invokeArgs(Object(StudentsController), Array)
#9 /var/www/Vendor/pear-pear.cakephp.org/CakePHP/Cake/Routing/Dispatcher.php(185): Controller->invokeAction(Object(CakeRequest))
#10 /var/www/Vendor/pear-pear.cakephp.org/CakePHP/Cake/Routing/Dispatcher.php(160): Dispatcher->_invoke(Object(StudentsController), Object(CakeRequest), Object(CakeResponse))
#11 /var/www/elearning/webroot/index.php(100): Dispatcher->dispatch(Object(CakeRequest), Object(CakeResponse))
#12 {main}
2014-03-10 01:45:38 Error: [MissingActionException] Action StudentsController::delete() could not be found.
Exception Attributes: array (
  'controller' => 'StudentsController',
  'action' => 'delete',
)
Request URL: /students/delete
Stack Trace:
#0 /var/www/Vendor/pear-pear.cakephp.org/CakePHP/Cake/Routing/Dispatcher.php(185): Controller->invokeAction(Object(CakeRequest))
#1 /var/www/Vendor/pear-pear.cakephp.org/CakePHP/Cake/Routing/Dispatcher.php(160): Dispatcher->_invoke(Object(StudentsController), Object(CakeRequest), Object(CakeResponse))
#2 /var/www/elearning/webroot/index.php(100): Dispatcher->dispatch(Object(CakeRequest), Object(CakeResponse))
#3 {main}
2014-03-10 01:58:26 Error: [MissingActionException] Action LessonController::studentmanage() could not be found.
Exception Attributes: array (
  'controller' => 'LessonController',
  'action' => 'studentmanage',
)
Request URL: /lesson/studentmanage/lesson_id:52
Stack Trace:
#0 /var/www/Vendor/pear-pear.cakephp.org/CakePHP/Cake/Routing/Dispatcher.php(185): Controller->invokeAction(Object(CakeRequest))
#1 /var/www/Vendor/pear-pear.cakephp.org/CakePHP/Cake/Routing/Dispatcher.php(160): Dispatcher->_invoke(Object(LessonController), Object(CakeRequest), Object(CakeResponse))
#2 /var/www/elearning/webroot/index.php(100): Dispatcher->dispatch(Object(CakeRequest), Object(CakeResponse))
#3 {main}
2014-03-10 01:58:45 Error: [MissingActionException] Action LessonController::studentmanage() could not be found.
Exception Attributes: array (
  'controller' => 'LessonController',
  'action' => 'studentmanage',
)
Request URL: /lesson/studentmanage/lesson_id:52
Stack Trace:
#0 /var/www/Vendor/pear-pear.cakephp.org/CakePHP/Cake/Routing/Dispatcher.php(185): Controller->invokeAction(Object(CakeRequest))
#1 /var/www/Vendor/pear-pear.cakephp.org/CakePHP/Cake/Routing/Dispatcher.php(160): Dispatcher->_invoke(Object(LessonController), Object(CakeRequest), Object(CakeResponse))
#2 /var/www/elearning/webroot/index.php(100): Dispatcher->dispatch(Object(CakeRequest), Object(CakeResponse))
#3 {main}
2014-03-10 02:28:35 Error: Fatal Error (4): syntax error, unexpected T_CONSTANT_ENCAPSED_STRING, expecting ')' in [/var/www/elearning/Controller/LecturerController.php, line 77]
2014-03-10 02:28:35 Error: [FatalErrorException] syntax error, unexpected T_CONSTANT_ENCAPSED_STRING, expecting ')'
Request URL: /lecturer/studentmanage/lesson_id:54
Stack Trace:
#0 /var/www/Vendor/pear-pear.cakephp.org/CakePHP/Cake/Error/ErrorHandler.php(203): ErrorHandler::handleFatalError(4, 'syntax error, u...', '/var/www/elearn...', 77)
#1 [internal function]: ErrorHandler::handleError(4, 'syntax error, u...', '/var/www/elearn...', 77, Array)
#2 /var/www/Vendor/pear-pear.cakephp.org/CakePHP/Cake/Core/App.php(929): call_user_func('ErrorHandler::h...', 4, 'syntax error, u...', '/var/www/elearn...', 77, Array)
#3 /var/www/Vendor/pear-pear.cakephp.org/CakePHP/Cake/Core/App.php(902): App::_checkFatalError()
#4 [internal function]: App::shutdown()
#5 {main}
2014-03-10 02:28:46 Error: Fatal Error (4): syntax error, unexpected T_VARIABLE in [/var/www/elearning/Controller/LecturerController.php, line 79]
2014-03-10 02:28:46 Error: [FatalErrorException] syntax error, unexpected T_VARIABLE
Request URL: /lecturer/studentmanage/lesson_id:54
Stack Trace:
#0 /var/www/Vendor/pear-pear.cakephp.org/CakePHP/Cake/Error/ErrorHandler.php(203): ErrorHandler::handleFatalError(4, 'syntax error, u...', '/var/www/elearn...', 79)
#1 [internal function]: ErrorHandler::handleError(4, 'syntax error, u...', '/var/www/elearn...', 79, Array)
#2 /var/www/Vendor/pear-pear.cakephp.org/CakePHP/Cake/Core/App.php(929): call_user_func('ErrorHandler::h...', 4, 'syntax error, u...', '/var/www/elearn...', 79, Array)
#3 /var/www/Vendor/pear-pear.cakephp.org/CakePHP/Cake/Core/App.php(902): App::_checkFatalError()
#4 [internal function]: App::shutdown()
#5 {main}
2014-03-10 02:28:57 Error: [PDOException] SQLSTATE[42S22]: Column not found: 1054 Unknown column 'Lesson.id' in 'where clause'
Request URL: /lecturer/studentmanage/lesson_id:54
Stack Trace:
#0 /var/www/Vendor/pear-pear.cakephp.org/CakePHP/Cake/Model/Datasource/DboSource.php(458): PDOStatement->execute(Array)
#1 /var/www/Vendor/pear-pear.cakephp.org/CakePHP/Cake/Model/Datasource/DboSource.php(424): DboSource->_execute('SELECT `User`.`...', Array)
#2 /var/www/Vendor/pear-pear.cakephp.org/CakePHP/Cake/Model/Datasource/DboSource.php(665): DboSource->execute('SELECT `User`.`...', Array, Array)
#3 /var/www/Vendor/pear-pear.cakephp.org/CakePHP/Cake/Model/Datasource/DboSource.php(1077): DboSource->fetchAll('SELECT `User`.`...', false)
#4 /var/www/Vendor/pear-pear.cakephp.org/CakePHP/Cake/Model/Model.php(2902): DboSource->read(Object(User), Array)
#5 /var/www/Vendor/pear-pear.cakephp.org/CakePHP/Cake/Model/Model.php(2874): Model->_readDataSource('all', Array)
#6 /var/www/Vendor/pear-pear.cakephp.org/CakePHP/Cake/Controller/Component/PaginatorComponent.php(196): Model->find('all', Array)
#7 /var/www/Vendor/pear-pear.cakephp.org/CakePHP/Cake/Controller/Controller.php(1079): PaginatorComponent->paginate(NULL, Array, Array)
#8 /var/www/elearning/Controller/LecturerController.php(80): Controller->paginate()
#9 [internal function]: LecturerController->studentmanage()
#10 /var/www/Vendor/pear-pear.cakephp.org/CakePHP/Cake/Controller/Controller.php(490): ReflectionMethod->invokeArgs(Object(LecturerController), Array)
#11 /var/www/Vendor/pear-pear.cakephp.org/CakePHP/Cake/Routing/Dispatcher.php(185): Controller->invokeAction(Object(CakeRequest))
#12 /var/www/Vendor/pear-pear.cakephp.org/CakePHP/Cake/Routing/Dispatcher.php(160): Dispatcher->_invoke(Object(LecturerController), Object(CakeRequest), Object(CakeResponse))
#13 /var/www/elearning/webroot/index.php(100): Dispatcher->dispatch(Object(CakeRequest), Object(CakeResponse))
#14 {main}
2014-03-10 02:32:22 Error: Fatal Error (4): syntax error, unexpected ',' in [/var/www/elearning/Controller/LecturerController.php, line 76]
2014-03-10 02:32:22 Error: [FatalErrorException] syntax error, unexpected ','
Request URL: /lecturer/studentmanage/lesson_id:54
Stack Trace:
#0 /var/www/Vendor/pear-pear.cakephp.org/CakePHP/Cake/Error/ErrorHandler.php(203): ErrorHandler::handleFatalError(4, 'syntax error, u...', '/var/www/elearn...', 76)
#1 [internal function]: ErrorHandler::handleError(4, 'syntax error, u...', '/var/www/elearn...', 76, Array)
#2 /var/www/Vendor/pear-pear.cakephp.org/CakePHP/Cake/Core/App.php(929): call_user_func('ErrorHandler::h...', 4, 'syntax error, u...', '/var/www/elearn...', 76, Array)
#3 /var/www/Vendor/pear-pear.cakephp.org/CakePHP/Cake/Core/App.php(902): App::_checkFatalError()
#4 [internal function]: App::shutdown()
#5 {main}
2014-03-10 02:32:40 Error: [PDOException] SQLSTATE[42S22]: Column not found: 1054 Unknown column 'Lesson.id' in 'where clause'
Request URL: /lecturer/studentmanage/lesson_id:54
Stack Trace:
#0 /var/www/Vendor/pear-pear.cakephp.org/CakePHP/Cake/Model/Datasource/DboSource.php(458): PDOStatement->execute(Array)
#1 /var/www/Vendor/pear-pear.cakephp.org/CakePHP/Cake/Model/Datasource/DboSource.php(424): DboSource->_execute('SELECT `User`.`...', Array)
#2 /var/www/Vendor/pear-pear.cakephp.org/CakePHP/Cake/Model/Datasource/DboSource.php(665): DboSource->execute('SELECT `User`.`...', Array, Array)
#3 /var/www/Vendor/pear-pear.cakephp.org/CakePHP/Cake/Model/Datasource/DboSource.php(1077): DboSource->fetchAll('SELECT `User`.`...', false)
#4 /var/www/Vendor/pear-pear.cakephp.org/CakePHP/Cake/Model/Model.php(2902): DboSource->read(Object(User), Array)
#5 /var/www/Vendor/pear-pear.cakephp.org/CakePHP/Cake/Model/Model.php(2874): Model->_readDataSource('all', Array)
#6 /var/www/Vendor/pear-pear.cakephp.org/CakePHP/Cake/Controller/Component/PaginatorComponent.php(196): Model->find('all', Array)
#7 /var/www/Vendor/pear-pear.cakephp.org/CakePHP/Cake/Controller/Controller.php(1079): PaginatorComponent->paginate(NULL, Array, Array)
#8 /var/www/elearning/Controller/LecturerController.php(80): Controller->paginate()
#9 [internal function]: LecturerController->studentmanage()
#10 /var/www/Vendor/pear-pear.cakephp.org/CakePHP/Cake/Controller/Controller.php(490): ReflectionMethod->invokeArgs(Object(LecturerController), Array)
#11 /var/www/Vendor/pear-pear.cakephp.org/CakePHP/Cake/Routing/Dispatcher.php(185): Controller->invokeAction(Object(CakeRequest))
#12 /var/www/Vendor/pear-pear.cakephp.org/CakePHP/Cake/Routing/Dispatcher.php(160): Dispatcher->_invoke(Object(LecturerController), Object(CakeRequest), Object(CakeResponse))
#13 /var/www/elearning/webroot/index.php(100): Dispatcher->dispatch(Object(CakeRequest), Object(CakeResponse))
#14 {main}
2014-03-10 02:33:05 Error: [PDOException] SQLSTATE[42S22]: Column not found: 1054 Unknown column 'Lesson.id' in 'where clause'
Request URL: /lecturer/studentmanage/lesson_id:54
Stack Trace:
#0 /var/www/Vendor/pear-pear.cakephp.org/CakePHP/Cake/Model/Datasource/DboSource.php(458): PDOStatement->execute(Array)
#1 /var/www/Vendor/pear-pear.cakephp.org/CakePHP/Cake/Model/Datasource/DboSource.php(424): DboSource->_execute('SELECT `User`.`...', Array)
#2 /var/www/Vendor/pear-pear.cakephp.org/CakePHP/Cake/Model/Datasource/DboSource.php(665): DboSource->execute('SELECT `User`.`...', Array, Array)
#3 /var/www/Vendor/pear-pear.cakephp.org/CakePHP/Cake/Model/Datasource/DboSource.php(1077): DboSource->fetchAll('SELECT `User`.`...', false)
#4 /var/www/Vendor/pear-pear.cakephp.org/CakePHP/Cake/Model/Model.php(2902): DboSource->read(Object(User), Array)
#5 /var/www/Vendor/pear-pear.cakephp.org/CakePHP/Cake/Model/Model.php(2874): Model->_readDataSource('all', Array)
#6 /var/www/Vendor/pear-pear.cakephp.org/CakePHP/Cake/Controller/Component/PaginatorComponent.php(196): Model->find('all', Array)
#7 /var/www/Vendor/pear-pear.cakephp.org/CakePHP/Cake/Controller/Controller.php(1079): PaginatorComponent->paginate(NULL, Array, Array)
#8 /var/www/elearning/Controller/LecturerController.php(80): Controller->paginate()
#9 [internal function]: LecturerController->studentmanage()
#10 /var/www/Vendor/pear-pear.cakephp.org/CakePHP/Cake/Controller/Controller.php(490): ReflectionMethod->invokeArgs(Object(LecturerController), Array)
#11 /var/www/Vendor/pear-pear.cakephp.org/CakePHP/Cake/Routing/Dispatcher.php(185): Controller->invokeAction(Object(CakeRequest))
#12 /var/www/Vendor/pear-pear.cakephp.org/CakePHP/Cake/Routing/Dispatcher.php(160): Dispatcher->_invoke(Object(LecturerController), Object(CakeRequest), Object(CakeResponse))
#13 /var/www/elearning/webroot/index.php(100): Dispatcher->dispatch(Object(CakeRequest), Object(CakeResponse))
#14 {main}
2014-03-10 02:33:07 Error: [PDOException] SQLSTATE[42S22]: Column not found: 1054 Unknown column 'Lesson.id' in 'where clause'
Request URL: /lecturer/studentmanage/lesson_id:54
Stack Trace:
#0 /var/www/Vendor/pear-pear.cakephp.org/CakePHP/Cake/Model/Datasource/DboSource.php(458): PDOStatement->execute(Array)
#1 /var/www/Vendor/pear-pear.cakephp.org/CakePHP/Cake/Model/Datasource/DboSource.php(424): DboSource->_execute('SELECT `User`.`...', Array)
#2 /var/www/Vendor/pear-pear.cakephp.org/CakePHP/Cake/Model/Datasource/DboSource.php(665): DboSource->execute('SELECT `User`.`...', Array, Array)
#3 /var/www/Vendor/pear-pear.cakephp.org/CakePHP/Cake/Model/Datasource/DboSource.php(1077): DboSource->fetchAll('SELECT `User`.`...', false)
#4 /var/www/Vendor/pear-pear.cakephp.org/CakePHP/Cake/Model/Model.php(2902): DboSource->read(Object(User), Array)
#5 /var/www/Vendor/pear-pear.cakephp.org/CakePHP/Cake/Model/Model.php(2874): Model->_readDataSource('all', Array)
#6 /var/www/Vendor/pear-pear.cakephp.org/CakePHP/Cake/Controller/Component/PaginatorComponent.php(196): Model->find('all', Array)
#7 /var/www/Vendor/pear-pear.cakephp.org/CakePHP/Cake/Controller/Controller.php(1079): PaginatorComponent->paginate(NULL, Array, Array)
#8 /var/www/elearning/Controller/LecturerController.php(80): Controller->paginate()
#9 [internal function]: LecturerController->studentmanage()
#10 /var/www/Vendor/pear-pear.cakephp.org/CakePHP/Cake/Controller/Controller.php(490): ReflectionMethod->invokeArgs(Object(LecturerController), Array)
#11 /var/www/Vendor/pear-pear.cakephp.org/CakePHP/Cake/Routing/Dispatcher.php(185): Controller->invokeAction(Object(CakeRequest))
#12 /var/www/Vendor/pear-pear.cakephp.org/CakePHP/Cake/Routing/Dispatcher.php(160): Dispatcher->_invoke(Object(LecturerController), Object(CakeRequest), Object(CakeResponse))
#13 /var/www/elearning/webroot/index.php(100): Dispatcher->dispatch(Object(CakeRequest), Object(CakeResponse))
#14 {main}
2014-03-10 02:33:43 Error: [PDOException] SQLSTATE[42S22]: Column not found: 1054 Unknown column 'Lesson.id' in 'where clause'
Request URL: /lecturer/studentmanage/lesson_id:54
Stack Trace:
#0 /var/www/Vendor/pear-pear.cakephp.org/CakePHP/Cake/Model/Datasource/DboSource.php(458): PDOStatement->execute(Array)
#1 /var/www/Vendor/pear-pear.cakephp.org/CakePHP/Cake/Model/Datasource/DboSource.php(424): DboSource->_execute('SELECT `User`.`...', Array)
#2 /var/www/Vendor/pear-pear.cakephp.org/CakePHP/Cake/Model/Datasource/DboSource.php(665): DboSource->execute('SELECT `User`.`...', Array, Array)
#3 /var/www/Vendor/pear-pear.cakephp.org/CakePHP/Cake/Model/Datasource/DboSource.php(1077): DboSource->fetchAll('SELECT `User`.`...', false)
#4 /var/www/Vendor/pear-pear.cakephp.org/CakePHP/Cake/Model/Model.php(2902): DboSource->read(Object(User), Array)
#5 /var/www/Vendor/pear-pear.cakephp.org/CakePHP/Cake/Model/Model.php(2874): Model->_readDataSource('all', Array)
#6 /var/www/Vendor/pear-pear.cakephp.org/CakePHP/Cake/Controller/Component/PaginatorComponent.php(196): Model->find('all', Array)
#7 /var/www/Vendor/pear-pear.cakephp.org/CakePHP/Cake/Controller/Controller.php(1079): PaginatorComponent->paginate(NULL, Array, Array)
#8 /var/www/elearning/Controller/LecturerController.php(80): Controller->paginate()
#9 [internal function]: LecturerController->studentmanage()
#10 /var/www/Vendor/pear-pear.cakephp.org/CakePHP/Cake/Controller/Controller.php(490): ReflectionMethod->invokeArgs(Object(LecturerController), Array)
#11 /var/www/Vendor/pear-pear.cakephp.org/CakePHP/Cake/Routing/Dispatcher.php(185): Controller->invokeAction(Object(CakeRequest))
#12 /var/www/Vendor/pear-pear.cakephp.org/CakePHP/Cake/Routing/Dispatcher.php(160): Dispatcher->_invoke(Object(LecturerController), Object(CakeRequest), Object(CakeResponse))
#13 /var/www/elearning/webroot/index.php(100): Dispatcher->dispatch(Object(CakeRequest), Object(CakeResponse))
#14 {main}
2014-03-10 02:33:46 Error: [PDOException] SQLSTATE[42S22]: Column not found: 1054 Unknown column 'Lesson.id' in 'where clause'
Request URL: /lecturer/studentmanage/lesson_id:54
Stack Trace:
#0 /var/www/Vendor/pear-pear.cakephp.org/CakePHP/Cake/Model/Datasource/DboSource.php(458): PDOStatement->execute(Array)
#1 /var/www/Vendor/pear-pear.cakephp.org/CakePHP/Cake/Model/Datasource/DboSource.php(424): DboSource->_execute('SELECT `User`.`...', Array)
#2 /var/www/Vendor/pear-pear.cakephp.org/CakePHP/Cake/Model/Datasource/DboSource.php(665): DboSource->execute('SELECT `User`.`...', Array, Array)
#3 /var/www/Vendor/pear-pear.cakephp.org/CakePHP/Cake/Model/Datasource/DboSource.php(1077): DboSource->fetchAll('SELECT `User`.`...', false)
#4 /var/www/Vendor/pear-pear.cakephp.org/CakePHP/Cake/Model/Model.php(2902): DboSource->read(Object(User), Array)
#5 /var/www/Vendor/pear-pear.cakephp.org/CakePHP/Cake/Model/Model.php(2874): Model->_readDataSource('all', Array)
#6 /var/www/Vendor/pear-pear.cakephp.org/CakePHP/Cake/Controller/Component/PaginatorComponent.php(196): Model->find('all', Array)
#7 /var/www/Vendor/pear-pear.cakephp.org/CakePHP/Cake/Controller/Controller.php(1079): PaginatorComponent->paginate(NULL, Array, Array)
#8 /var/www/elearning/Controller/LecturerController.php(80): Controller->paginate()
#9 [internal function]: LecturerController->studentmanage()
#10 /var/www/Vendor/pear-pear.cakephp.org/CakePHP/Cake/Controller/Controller.php(490): ReflectionMethod->invokeArgs(Object(LecturerController), Array)
#11 /var/www/Vendor/pear-pear.cakephp.org/CakePHP/Cake/Routing/Dispatcher.php(185): Controller->invokeAction(Object(CakeRequest))
#12 /var/www/Vendor/pear-pear.cakephp.org/CakePHP/Cake/Routing/Dispatcher.php(160): Dispatcher->_invoke(Object(LecturerController), Object(CakeRequest), Object(CakeResponse))
#13 /var/www/elearning/webroot/index.php(100): Dispatcher->dispatch(Object(CakeRequest), Object(CakeResponse))
#14 {main}
2014-03-10 02:33:48 Error: [PDOException] SQLSTATE[42S22]: Column not found: 1054 Unknown column 'Lesson.id' in 'where clause'
Request URL: /lecturer/studentmanage/lesson_id:54
Stack Trace:
#0 /var/www/Vendor/pear-pear.cakephp.org/CakePHP/Cake/Model/Datasource/DboSource.php(458): PDOStatement->execute(Array)
#1 /var/www/Vendor/pear-pear.cakephp.org/CakePHP/Cake/Model/Datasource/DboSource.php(424): DboSource->_execute('SELECT `User`.`...', Array)
#2 /var/www/Vendor/pear-pear.cakephp.org/CakePHP/Cake/Model/Datasource/DboSource.php(665): DboSource->execute('SELECT `User`.`...', Array, Array)
#3 /var/www/Vendor/pear-pear.cakephp.org/CakePHP/Cake/Model/Datasource/DboSource.php(1077): DboSource->fetchAll('SELECT `User`.`...', false)
#4 /var/www/Vendor/pear-pear.cakephp.org/CakePHP/Cake/Model/Model.php(2902): DboSource->read(Object(User), Array)
#5 /var/www/Vendor/pear-pear.cakephp.org/CakePHP/Cake/Model/Model.php(2874): Model->_readDataSource('all', Array)
#6 /var/www/Vendor/pear-pear.cakephp.org/CakePHP/Cake/Controller/Component/PaginatorComponent.php(196): Model->find('all', Array)
#7 /var/www/Vendor/pear-pear.cakephp.org/CakePHP/Cake/Controller/Controller.php(1079): PaginatorComponent->paginate(NULL, Array, Array)
#8 /var/www/elearning/Controller/LecturerController.php(80): Controller->paginate()
#9 [internal function]: LecturerController->studentmanage()
#10 /var/www/Vendor/pear-pear.cakephp.org/CakePHP/Cake/Controller/Controller.php(490): ReflectionMethod->invokeArgs(Object(LecturerController), Array)
#11 /var/www/Vendor/pear-pear.cakephp.org/CakePHP/Cake/Routing/Dispatcher.php(185): Controller->invokeAction(Object(CakeRequest))
#12 /var/www/Vendor/pear-pear.cakephp.org/CakePHP/Cake/Routing/Dispatcher.php(160): Dispatcher->_invoke(Object(LecturerController), Object(CakeRequest), Object(CakeResponse))
#13 /var/www/elearning/webroot/index.php(100): Dispatcher->dispatch(Object(CakeRequest), Object(CakeResponse))
#14 {main}
2014-03-10 02:34:01 Error: [PDOException] SQLSTATE[42S22]: Column not found: 1054 Unknown column 'Lesson.id' in 'where clause'
Request URL: /lecturer/studentmanage/lesson_id:54
Stack Trace:
#0 /var/www/Vendor/pear-pear.cakephp.org/CakePHP/Cake/Model/Datasource/DboSource.php(458): PDOStatement->execute(Array)
#1 /var/www/Vendor/pear-pear.cakephp.org/CakePHP/Cake/Model/Datasource/DboSource.php(424): DboSource->_execute('SELECT `User`.`...', Array)
#2 /var/www/Vendor/pear-pear.cakephp.org/CakePHP/Cake/Model/Datasource/DboSource.php(665): DboSource->execute('SELECT `User`.`...', Array, Array)
#3 /var/www/Vendor/pear-pear.cakephp.org/CakePHP/Cake/Model/Datasource/DboSource.php(1077): DboSource->fetchAll('SELECT `User`.`...', false)
#4 /var/www/Vendor/pear-pear.cakephp.org/CakePHP/Cake/Model/Model.php(2902): DboSource->read(Object(User), Array)
#5 /var/www/Vendor/pear-pear.cakephp.org/CakePHP/Cake/Model/Model.php(2874): Model->_readDataSource('all', Array)
#6 /var/www/Vendor/pear-pear.cakephp.org/CakePHP/Cake/Controller/Component/PaginatorComponent.php(196): Model->find('all', Array)
#7 /var/www/Vendor/pear-pear.cakephp.org/CakePHP/Cake/Controller/Controller.php(1079): PaginatorComponent->paginate(NULL, Array, Array)
#8 /var/www/elearning/Controller/LecturerController.php(80): Controller->paginate()
#9 [internal function]: LecturerController->studentmanage()
#10 /var/www/Vendor/pear-pear.cakephp.org/CakePHP/Cake/Controller/Controller.php(490): ReflectionMethod->invokeArgs(Object(LecturerController), Array)
#11 /var/www/Vendor/pear-pear.cakephp.org/CakePHP/Cake/Routing/Dispatcher.php(185): Controller->invokeAction(Object(CakeRequest))
#12 /var/www/Vendor/pear-pear.cakephp.org/CakePHP/Cake/Routing/Dispatcher.php(160): Dispatcher->_invoke(Object(LecturerController), Object(CakeRequest), Object(CakeResponse))
#13 /var/www/elearning/webroot/index.php(100): Dispatcher->dispatch(Object(CakeRequest), Object(CakeResponse))
#14 {main}
2014-03-10 02:35:29 Error: [PDOException] SQLSTATE[42S22]: Column not found: 1054 Unknown column 'Lesson.id' in 'where clause'
Request URL: /lecturer/studentmanage/lesson_id:54
Stack Trace:
#0 /var/www/Vendor/pear-pear.cakephp.org/CakePHP/Cake/Model/Datasource/DboSource.php(458): PDOStatement->execute(Array)
#1 /var/www/Vendor/pear-pear.cakephp.org/CakePHP/Cake/Model/Datasource/DboSource.php(424): DboSource->_execute('SELECT `User`.`...', Array)
#2 /var/www/Vendor/pear-pear.cakephp.org/CakePHP/Cake/Model/Datasource/DboSource.php(665): DboSource->execute('SELECT `User`.`...', Array, Array)
#3 /var/www/Vendor/pear-pear.cakephp.org/CakePHP/Cake/Model/Datasource/DboSource.php(1077): DboSource->fetchAll('SELECT `User`.`...', false)
#4 /var/www/Vendor/pear-pear.cakephp.org/CakePHP/Cake/Model/Model.php(2902): DboSource->read(Object(User), Array)
#5 /var/www/Vendor/pear-pear.cakephp.org/CakePHP/Cake/Model/Model.php(2874): Model->_readDataSource('all', Array)
#6 /var/www/Vendor/pear-pear.cakephp.org/CakePHP/Cake/Controller/Component/PaginatorComponent.php(196): Model->find('all', Array)
#7 /var/www/Vendor/pear-pear.cakephp.org/CakePHP/Cake/Controller/Controller.php(1079): PaginatorComponent->paginate(NULL, Array, Array)
#8 /var/www/elearning/Controller/LecturerController.php(80): Controller->paginate()
#9 [internal function]: LecturerController->studentmanage()
#10 /var/www/Vendor/pear-pear.cakephp.org/CakePHP/Cake/Controller/Controller.php(490): ReflectionMethod->invokeArgs(Object(LecturerController), Array)
#11 /var/www/Vendor/pear-pear.cakephp.org/CakePHP/Cake/Routing/Dispatcher.php(185): Controller->invokeAction(Object(CakeRequest))
#12 /var/www/Vendor/pear-pear.cakephp.org/CakePHP/Cake/Routing/Dispatcher.php(160): Dispatcher->_invoke(Object(LecturerController), Object(CakeRequest), Object(CakeResponse))
#13 /var/www/elearning/webroot/index.php(100): Dispatcher->dispatch(Object(CakeRequest), Object(CakeResponse))
#14 {main}
2014-03-10 02:36:27 Error: [PDOException] SQLSTATE[42S22]: Column not found: 1054 Unknown column 'User.username' in 'field list'
Request URL: /lecturer/studentmanage/lesson_id:54
Stack Trace:
#0 /var/www/Vendor/pear-pear.cakephp.org/CakePHP/Cake/Model/Datasource/DboSource.php(458): PDOStatement->execute(Array)
#1 /var/www/Vendor/pear-pear.cakephp.org/CakePHP/Cake/Model/Datasource/DboSource.php(424): DboSource->_execute('SELECT `User`.`...', Array)
#2 /var/www/Vendor/pear-pear.cakephp.org/CakePHP/Cake/Model/Datasource/DboSource.php(665): DboSource->execute('SELECT `User`.`...', Array, Array)
#3 /var/www/Vendor/pear-pear.cakephp.org/CakePHP/Cake/Model/Datasource/DboSource.php(1077): DboSource->fetchAll('SELECT `User`.`...', false)
#4 /var/www/Vendor/pear-pear.cakephp.org/CakePHP/Cake/Model/Model.php(2902): DboSource->read(Object(Lesson), Array)
#5 /var/www/Vendor/pear-pear.cakephp.org/CakePHP/Cake/Model/Model.php(2874): Model->_readDataSource('all', Array)
#6 /var/www/Vendor/pear-pear.cakephp.org/CakePHP/Cake/Controller/Component/PaginatorComponent.php(196): Model->find('all', Array)
#7 /var/www/elearning/Controller/LecturerController.php(80): PaginatorComponent->paginate('Lesson')
#8 [internal function]: LecturerController->studentmanage()
#9 /var/www/Vendor/pear-pear.cakephp.org/CakePHP/Cake/Controller/Controller.php(490): ReflectionMethod->invokeArgs(Object(LecturerController), Array)
#10 /var/www/Vendor/pear-pear.cakephp.org/CakePHP/Cake/Routing/Dispatcher.php(185): Controller->invokeAction(Object(CakeRequest))
#11 /var/www/Vendor/pear-pear.cakephp.org/CakePHP/Cake/Routing/Dispatcher.php(160): Dispatcher->_invoke(Object(LecturerController), Object(CakeRequest), Object(CakeResponse))
#12 /var/www/elearning/webroot/index.php(100): Dispatcher->dispatch(Object(CakeRequest), Object(CakeResponse))
#13 {main}
2014-03-10 02:37:03 Error: [PDOException] SQLSTATE[42S22]: Column not found: 1054 Unknown column 'User.username' in 'field list'
Request URL: /lecturer/studentmanage/lesson_id:54
Stack Trace:
#0 /var/www/Vendor/pear-pear.cakephp.org/CakePHP/Cake/Model/Datasource/DboSource.php(458): PDOStatement->execute(Array)
#1 /var/www/Vendor/pear-pear.cakephp.org/CakePHP/Cake/Model/Datasource/DboSource.php(424): DboSource->_execute('SELECT `User`.`...', Array)
#2 /var/www/Vendor/pear-pear.cakephp.org/CakePHP/Cake/Model/Datasource/DboSource.php(665): DboSource->execute('SELECT `User`.`...', Array, Array)
#3 /var/www/Vendor/pear-pear.cakephp.org/CakePHP/Cake/Model/Datasource/DboSource.php(1077): DboSource->fetchAll('SELECT `User`.`...', false)
#4 /var/www/Vendor/pear-pear.cakephp.org/CakePHP/Cake/Model/Model.php(2902): DboSource->read(Object(Lesson), Array)
#5 /var/www/Vendor/pear-pear.cakephp.org/CakePHP/Cake/Model/Model.php(2874): Model->_readDataSource('all', Array)
#6 /var/www/Vendor/pear-pear.cakephp.org/CakePHP/Cake/Controller/Component/PaginatorComponent.php(196): Model->find('all', Array)
#7 /var/www/elearning/Controller/LecturerController.php(80): PaginatorComponent->paginate('Lesson')
#8 [internal function]: LecturerController->studentmanage()
#9 /var/www/Vendor/pear-pear.cakephp.org/CakePHP/Cake/Controller/Controller.php(490): ReflectionMethod->invokeArgs(Object(LecturerController), Array)
#10 /var/www/Vendor/pear-pear.cakephp.org/CakePHP/Cake/Routing/Dispatcher.php(185): Controller->invokeAction(Object(CakeRequest))
#11 /var/www/Vendor/pear-pear.cakephp.org/CakePHP/Cake/Routing/Dispatcher.php(160): Dispatcher->_invoke(Object(LecturerController), Object(CakeRequest), Object(CakeResponse))
#12 /var/www/elearning/webroot/index.php(100): Dispatcher->dispatch(Object(CakeRequest), Object(CakeResponse))
#13 {main}
2014-03-10 02:37:06 Error: [PDOException] SQLSTATE[42S22]: Column not found: 1054 Unknown column 'User.username' in 'field list'
Request URL: /lecturer/studentmanage/lesson_id:54
Stack Trace:
#0 /var/www/Vendor/pear-pear.cakephp.org/CakePHP/Cake/Model/Datasource/DboSource.php(458): PDOStatement->execute(Array)
#1 /var/www/Vendor/pear-pear.cakephp.org/CakePHP/Cake/Model/Datasource/DboSource.php(424): DboSource->_execute('SELECT `User`.`...', Array)
#2 /var/www/Vendor/pear-pear.cakephp.org/CakePHP/Cake/Model/Datasource/DboSource.php(665): DboSource->execute('SELECT `User`.`...', Array, Array)
#3 /var/www/Vendor/pear-pear.cakephp.org/CakePHP/Cake/Model/Datasource/DboSource.php(1077): DboSource->fetchAll('SELECT `User`.`...', false)
#4 /var/www/Vendor/pear-pear.cakephp.org/CakePHP/Cake/Model/Model.php(2902): DboSource->read(Object(Lesson), Array)
#5 /var/www/Vendor/pear-pear.cakephp.org/CakePHP/Cake/Model/Model.php(2874): Model->_readDataSource('all', Array)
#6 /var/www/Vendor/pear-pear.cakephp.org/CakePHP/Cake/Controller/Component/PaginatorComponent.php(196): Model->find('all', Array)
#7 /var/www/elearning/Controller/LecturerController.php(80): PaginatorComponent->paginate('Lesson')
#8 [internal function]: LecturerController->studentmanage()
#9 /var/www/Vendor/pear-pear.cakephp.org/CakePHP/Cake/Controller/Controller.php(490): ReflectionMethod->invokeArgs(Object(LecturerController), Array)
#10 /var/www/Vendor/pear-pear.cakephp.org/CakePHP/Cake/Routing/Dispatcher.php(185): Controller->invokeAction(Object(CakeRequest))
#11 /var/www/Vendor/pear-pear.cakephp.org/CakePHP/Cake/Routing/Dispatcher.php(160): Dispatcher->_invoke(Object(LecturerController), Object(CakeRequest), Object(CakeResponse))
#12 /var/www/elearning/webroot/index.php(100): Dispatcher->dispatch(Object(CakeRequest), Object(CakeResponse))
#13 {main}
2014-03-10 02:37:21 Error: [PDOException] SQLSTATE[42S22]: Column not found: 1054 Unknown column 'User.username' in 'field list'
Request URL: /lecturer/studentmanage/lesson_id:54
Stack Trace:
#0 /var/www/Vendor/pear-pear.cakephp.org/CakePHP/Cake/Model/Datasource/DboSource.php(458): PDOStatement->execute(Array)
#1 /var/www/Vendor/pear-pear.cakephp.org/CakePHP/Cake/Model/Datasource/DboSource.php(424): DboSource->_execute('SELECT `User`.`...', Array)
#2 /var/www/Vendor/pear-pear.cakephp.org/CakePHP/Cake/Model/Datasource/DboSource.php(665): DboSource->execute('SELECT `User`.`...', Array, Array)
#3 /var/www/Vendor/pear-pear.cakephp.org/CakePHP/Cake/Model/Datasource/DboSource.php(1077): DboSource->fetchAll('SELECT `User`.`...', false)
#4 /var/www/Vendor/pear-pear.cakephp.org/CakePHP/Cake/Model/Model.php(2902): DboSource->read(Object(Lesson), Array)
#5 /var/www/Vendor/pear-pear.cakephp.org/CakePHP/Cake/Model/Model.php(2874): Model->_readDataSource('all', Array)
#6 /var/www/Vendor/pear-pear.cakephp.org/CakePHP/Cake/Controller/Component/PaginatorComponent.php(196): Model->find('all', Array)
#7 /var/www/elearning/Controller/LecturerController.php(80): PaginatorComponent->paginate('Lesson')
#8 [internal function]: LecturerController->studentmanage()
#9 /var/www/Vendor/pear-pear.cakephp.org/CakePHP/Cake/Controller/Controller.php(490): ReflectionMethod->invokeArgs(Object(LecturerController), Array)
#10 /var/www/Vendor/pear-pear.cakephp.org/CakePHP/Cake/Routing/Dispatcher.php(185): Controller->invokeAction(Object(CakeRequest))
#11 /var/www/Vendor/pear-pear.cakephp.org/CakePHP/Cake/Routing/Dispatcher.php(160): Dispatcher->_invoke(Object(LecturerController), Object(CakeRequest), Object(CakeResponse))
#12 /var/www/elearning/webroot/index.php(100): Dispatcher->dispatch(Object(CakeRequest), Object(CakeResponse))
#13 {main}
2014-03-10 02:38:12 Error: [PDOException] SQLSTATE[42S22]: Column not found: 1054 Unknown column 'Student.full_name' in 'field list'
Request URL: /lecturer/studentmanage/lesson_id:54
Stack Trace:
#0 /var/www/Vendor/pear-pear.cakephp.org/CakePHP/Cake/Model/Datasource/DboSource.php(458): PDOStatement->execute(Array)
#1 /var/www/Vendor/pear-pear.cakephp.org/CakePHP/Cake/Model/Datasource/DboSource.php(424): DboSource->_execute('SELECT `Student...', Array)
#2 /var/www/Vendor/pear-pear.cakephp.org/CakePHP/Cake/Model/Datasource/DboSource.php(665): DboSource->execute('SELECT `Student...', Array, Array)
#3 /var/www/Vendor/pear-pear.cakephp.org/CakePHP/Cake/Model/Datasource/DboSource.php(1077): DboSource->fetchAll('SELECT `Student...', false)
#4 /var/www/Vendor/pear-pear.cakephp.org/CakePHP/Cake/Model/Model.php(2902): DboSource->read(Object(Lesson), Array)
#5 /var/www/Vendor/pear-pear.cakephp.org/CakePHP/Cake/Model/Model.php(2874): Model->_readDataSource('all', Array)
#6 /var/www/Vendor/pear-pear.cakephp.org/CakePHP/Cake/Controller/Component/PaginatorComponent.php(196): Model->find('all', Array)
#7 /var/www/elearning/Controller/LecturerController.php(80): PaginatorComponent->paginate('Lesson')
#8 [internal function]: LecturerController->studentmanage()
#9 /var/www/Vendor/pear-pear.cakephp.org/CakePHP/Cake/Controller/Controller.php(490): ReflectionMethod->invokeArgs(Object(LecturerController), Array)
#10 /var/www/Vendor/pear-pear.cakephp.org/CakePHP/Cake/Routing/Dispatcher.php(185): Controller->invokeAction(Object(CakeRequest))
#11 /var/www/Vendor/pear-pear.cakephp.org/CakePHP/Cake/Routing/Dispatcher.php(160): Dispatcher->_invoke(Object(LecturerController), Object(CakeRequest), Object(CakeResponse))
#12 /var/www/elearning/webroot/index.php(100): Dispatcher->dispatch(Object(CakeRequest), Object(CakeResponse))
#13 {main}
2014-03-10 02:44:21 Error: [MissingModelException] LessonMembership
Request URL: /lecturer/studentmanage/lesson_id:54
Stack Trace:
#0 /var/www/elearning/Controller/LecturerController.php(80): PaginatorComponent->paginate('LessonMembershi...')
#1 [internal function]: LecturerController->studentmanage()
#2 /var/www/Vendor/pear-pear.cakephp.org/CakePHP/Cake/Controller/Controller.php(490): ReflectionMethod->invokeArgs(Object(LecturerController), Array)
#3 /var/www/Vendor/pear-pear.cakephp.org/CakePHP/Cake/Routing/Dispatcher.php(185): Controller->invokeAction(Object(CakeRequest))
#4 /var/www/Vendor/pear-pear.cakephp.org/CakePHP/Cake/Routing/Dispatcher.php(160): Dispatcher->_invoke(Object(LecturerController), Object(CakeRequest), Object(CakeResponse))
#5 /var/www/elearning/webroot/index.php(100): Dispatcher->dispatch(Object(CakeRequest), Object(CakeResponse))
#6 {main}
2014-03-10 02:44:45 Error: [MissingModelException] LessonMembership
Request URL: /lecturer/studentmanage/lesson_id:54
Stack Trace:
#0 /var/www/elearning/Controller/LecturerController.php(80): PaginatorComponent->paginate('LessonMembershi...')
#1 [internal function]: LecturerController->studentmanage()
#2 /var/www/Vendor/pear-pear.cakephp.org/CakePHP/Cake/Controller/Controller.php(490): ReflectionMethod->invokeArgs(Object(LecturerController), Array)
#3 /var/www/Vendor/pear-pear.cakephp.org/CakePHP/Cake/Routing/Dispatcher.php(185): Controller->invokeAction(Object(CakeRequest))
#4 /var/www/Vendor/pear-pear.cakephp.org/CakePHP/Cake/Routing/Dispatcher.php(160): Dispatcher->_invoke(Object(LecturerController), Object(CakeRequest), Object(CakeResponse))
#5 /var/www/elearning/webroot/index.php(100): Dispatcher->dispatch(Object(CakeRequest), Object(CakeResponse))
#6 {main}
2014-03-10 02:44:47 Error: [MissingModelException] LessonMembership
Request URL: /lecturer/studentmanage/lesson_id:54
Stack Trace:
#0 /var/www/elearning/Controller/LecturerController.php(80): PaginatorComponent->paginate('LessonMembershi...')
#1 [internal function]: LecturerController->studentmanage()
#2 /var/www/Vendor/pear-pear.cakephp.org/CakePHP/Cake/Controller/Controller.php(490): ReflectionMethod->invokeArgs(Object(LecturerController), Array)
#3 /var/www/Vendor/pear-pear.cakephp.org/CakePHP/Cake/Routing/Dispatcher.php(185): Controller->invokeAction(Object(CakeRequest))
#4 /var/www/Vendor/pear-pear.cakephp.org/CakePHP/Cake/Routing/Dispatcher.php(160): Dispatcher->_invoke(Object(LecturerController), Object(CakeRequest), Object(CakeResponse))
#5 /var/www/elearning/webroot/index.php(100): Dispatcher->dispatch(Object(CakeRequest), Object(CakeResponse))
#6 {main}
2014-03-10 02:45:36 Error: [PDOException] SQLSTATE[42S22]: Column not found: 1054 Unknown column 'LessonMembership.lession_id' in 'where clause'
Request URL: /lecturer/studentmanage/lesson_id:54
Stack Trace:
#0 /var/www/Vendor/pear-pear.cakephp.org/CakePHP/Cake/Model/Datasource/DboSource.php(458): PDOStatement->execute(Array)
#1 /var/www/Vendor/pear-pear.cakephp.org/CakePHP/Cake/Model/Datasource/DboSource.php(424): DboSource->_execute('SELECT `LessonM...', Array)
#2 /var/www/Vendor/pear-pear.cakephp.org/CakePHP/Cake/Model/Datasource/DboSource.php(665): DboSource->execute('SELECT `LessonM...', Array, Array)
#3 /var/www/Vendor/pear-pear.cakephp.org/CakePHP/Cake/Model/Datasource/DboSource.php(1077): DboSource->fetchAll('SELECT `LessonM...', false)
#4 /var/www/Vendor/pear-pear.cakephp.org/CakePHP/Cake/Model/Model.php(2902): DboSource->read(Object(LessonMembership), Array)
#5 /var/www/Vendor/pear-pear.cakephp.org/CakePHP/Cake/Model/Model.php(2874): Model->_readDataSource('all', Array)
#6 /var/www/Vendor/pear-pear.cakephp.org/CakePHP/Cake/Controller/Component/PaginatorComponent.php(196): Model->find('all', Array)
#7 /var/www/elearning/Controller/LecturerController.php(82): PaginatorComponent->paginate('LessonMembershi...')
#8 [internal function]: LecturerController->studentmanage()
#9 /var/www/Vendor/pear-pear.cakephp.org/CakePHP/Cake/Controller/Controller.php(490): ReflectionMethod->invokeArgs(Object(LecturerController), Array)
#10 /var/www/Vendor/pear-pear.cakephp.org/CakePHP/Cake/Routing/Dispatcher.php(185): Controller->invokeAction(Object(CakeRequest))
#11 /var/www/Vendor/pear-pear.cakephp.org/CakePHP/Cake/Routing/Dispatcher.php(160): Dispatcher->_invoke(Object(LecturerController), Object(CakeRequest), Object(CakeResponse))
#12 /var/www/elearning/webroot/index.php(100): Dispatcher->dispatch(Object(CakeRequest), Object(CakeResponse))
#13 {main}
2014-03-10 02:50:00 Error: Fatal Error (4): syntax error, unexpected '=' in [/var/www/elearning/Controller/LecturerController.php, line 82]
2014-03-10 02:50:00 Error: [FatalErrorException] syntax error, unexpected '='
Request URL: /lecturer/studentmanage/lesson_id:54
Stack Trace:
#0 /var/www/Vendor/pear-pear.cakephp.org/CakePHP/Cake/Error/ErrorHandler.php(203): ErrorHandler::handleFatalError(4, 'syntax error, u...', '/var/www/elearn...', 82)
#1 [internal function]: ErrorHandler::handleError(4, 'syntax error, u...', '/var/www/elearn...', 82, Array)
#2 /var/www/Vendor/pear-pear.cakephp.org/CakePHP/Cake/Core/App.php(929): call_user_func('ErrorHandler::h...', 4, 'syntax error, u...', '/var/www/elearn...', 82, Array)
#3 /var/www/Vendor/pear-pear.cakephp.org/CakePHP/Cake/Core/App.php(902): App::_checkFatalError()
#4 [internal function]: App::shutdown()
#5 {main}
2014-03-10 02:57:53 Error: [PDOException] SQLSTATE[42S22]: Column not found: 1054 Unknown column 'Student.baned' in 'field list'
Request URL: /lecturer/studentmanage/sort:Name/direction:desc/lesson_id:54
Stack Trace:
#0 /var/www/Vendor/pear-pear.cakephp.org/CakePHP/Cake/Model/Datasource/DboSource.php(458): PDOStatement->execute(Array)
#1 /var/www/Vendor/pear-pear.cakephp.org/CakePHP/Cake/Model/Datasource/DboSource.php(424): DboSource->_execute('SELECT `Student...', Array)
#2 /var/www/Vendor/pear-pear.cakephp.org/CakePHP/Cake/Model/Datasource/DboSource.php(665): DboSource->execute('SELECT `Student...', Array, Array)
#3 /var/www/Vendor/pear-pear.cakephp.org/CakePHP/Cake/Model/Datasource/DboSource.php(1077): DboSource->fetchAll('SELECT `Student...', false)
#4 /var/www/Vendor/pear-pear.cakephp.org/CakePHP/Cake/Model/Model.php(2902): DboSource->read(Object(LessonMembership), Array)
#5 /var/www/Vendor/pear-pear.cakephp.org/CakePHP/Cake/Model/Model.php(2874): Model->_readDataSource('all', Array)
#6 /var/www/Vendor/pear-pear.cakephp.org/CakePHP/Cake/Controller/Component/PaginatorComponent.php(196): Model->find('all', Array)
#7 /var/www/elearning/Controller/LecturerController.php(83): PaginatorComponent->paginate('LessonMembershi...')
#8 [internal function]: LecturerController->studentmanage()
#9 /var/www/Vendor/pear-pear.cakephp.org/CakePHP/Cake/Controller/Controller.php(490): ReflectionMethod->invokeArgs(Object(LecturerController), Array)
#10 /var/www/Vendor/pear-pear.cakephp.org/CakePHP/Cake/Routing/Dispatcher.php(185): Controller->invokeAction(Object(CakeRequest))
#11 /var/www/Vendor/pear-pear.cakephp.org/CakePHP/Cake/Routing/Dispatcher.php(160): Dispatcher->_invoke(Object(LecturerController), Object(CakeRequest), Object(CakeResponse))
#12 /var/www/elearning/webroot/index.php(100): Dispatcher->dispatch(Object(CakeRequest), Object(CakeResponse))
#13 {main}
2014-03-10 03:10:55 Error: Fatal Error (4): syntax error, unexpected '/', expecting ')' in [/var/www/elearning/View/Lecturer/studentmanage.ctp, line 30]
2014-03-10 03:10:55 Error: [FatalErrorException] syntax error, unexpected '/', expecting ')'
Request URL: /lecturer/studentmanage/lesson_id:54
Stack Trace:
#0 /var/www/Vendor/pear-pear.cakephp.org/CakePHP/Cake/Error/ErrorHandler.php(203): ErrorHandler::handleFatalError(4, 'syntax error, u...', '/var/www/elearn...', 30)
#1 [internal function]: ErrorHandler::handleError(4, 'syntax error, u...', '/var/www/elearn...', 30, Array)
#2 /var/www/Vendor/pear-pear.cakephp.org/CakePHP/Cake/Core/App.php(929): call_user_func('ErrorHandler::h...', 4, 'syntax error, u...', '/var/www/elearn...', 30, Array)
#3 /var/www/Vendor/pear-pear.cakephp.org/CakePHP/Cake/Core/App.php(902): App::_checkFatalError()
#4 [internal function]: App::shutdown()
#5 {main}
2014-03-10 03:11:06 Error: Fatal Error (4): syntax error, unexpected T_CONSTANT_ENCAPSED_STRING, expecting T_STRING in [/var/www/elearning/View/Lecturer/studentmanage.ctp, line 31]
2014-03-10 03:11:06 Error: [FatalErrorException] syntax error, unexpected T_CONSTANT_ENCAPSED_STRING, expecting T_STRING
Request URL: /lecturer/studentmanage/lesson_id:54
Stack Trace:
#0 /var/www/Vendor/pear-pear.cakephp.org/CakePHP/Cake/Error/ErrorHandler.php(203): ErrorHandler::handleFatalError(4, 'syntax error, u...', '/var/www/elearn...', 31)
#1 [internal function]: ErrorHandler::handleError(4, 'syntax error, u...', '/var/www/elearn...', 31, Array)
#2 /var/www/Vendor/pear-pear.cakephp.org/CakePHP/Cake/Core/App.php(929): call_user_func('ErrorHandler::h...', 4, 'syntax error, u...', '/var/www/elearn...', 31, Array)
#3 /var/www/Vendor/pear-pear.cakephp.org/CakePHP/Cake/Core/App.php(902): App::_checkFatalError()
#4 [internal function]: App::shutdown()
#5 {main}
2014-03-10 03:11:47 Error: Fatal Error (4): syntax error, unexpected ';' in [/var/www/elearning/View/Lecturer/studentmanage.ctp, line 32]
2014-03-10 03:11:47 Error: [FatalErrorException] syntax error, unexpected ';'
Request URL: /lecturer/studentmanage/lesson_id:54
Stack Trace:
#0 /var/www/Vendor/pear-pear.cakephp.org/CakePHP/Cake/Error/ErrorHandler.php(203): ErrorHandler::handleFatalError(4, 'syntax error, u...', '/var/www/elearn...', 32)
#1 [internal function]: ErrorHandler::handleError(4, 'syntax error, u...', '/var/www/elearn...', 32, Array)
#2 /var/www/Vendor/pear-pear.cakephp.org/CakePHP/Cake/Core/App.php(929): call_user_func('ErrorHandler::h...', 4, 'syntax error, u...', '/var/www/elearn...', 32, Array)
#3 /var/www/Vendor/pear-pear.cakephp.org/CakePHP/Cake/Core/App.php(902): App::_checkFatalError()
#4 [internal function]: App::shutdown()
#5 {main}
2014-03-10 03:15:01 Error: Fatal Error (4): syntax error, unexpected ';', expecting ')' in [/var/www/elearning/Model/Lesson.php, line 13]
2014-03-10 03:15:01 Error: [FatalErrorException] syntax error, unexpected ';', expecting ')'
Request URL: /lecturer/studentmanage/lesson_id:54
Stack Trace:
#0 /var/www/Vendor/pear-pear.cakephp.org/CakePHP/Cake/Error/ErrorHandler.php(203): ErrorHandler::handleFatalError(4, 'syntax error, u...', '/var/www/elearn...', 13)
#1 [internal function]: ErrorHandler::handleError(4, 'syntax error, u...', '/var/www/elearn...', 13, Array)
#2 /var/www/Vendor/pear-pear.cakephp.org/CakePHP/Cake/Core/App.php(929): call_user_func('ErrorHandler::h...', 4, 'syntax error, u...', '/var/www/elearn...', 13, Array)
#3 /var/www/Vendor/pear-pear.cakephp.org/CakePHP/Cake/Core/App.php(902): App::_checkFatalError()
#4 [internal function]: App::shutdown()
#5 {main}
2014-03-10 03:27:34 Error: Fatal Error (4): syntax error, unexpected T_DOUBLE_ARROW in [/var/www/elearning/Controller/LessonController.php, line 109]
2014-03-10 03:27:34 Error: [FatalErrorException] syntax error, unexpected T_DOUBLE_ARROW
Request URL: /lesson/deletestudent/student_id:16/lesson_id:54
Stack Trace:
#0 /var/www/Vendor/pear-pear.cakephp.org/CakePHP/Cake/Error/ErrorHandler.php(203): ErrorHandler::handleFatalError(4, 'syntax error, u...', '/var/www/elearn...', 109)
#1 [internal function]: ErrorHandler::handleError(4, 'syntax error, u...', '/var/www/elearn...', 109, Array)
#2 /var/www/Vendor/pear-pear.cakephp.org/CakePHP/Cake/Core/App.php(929): call_user_func('ErrorHandler::h...', 4, 'syntax error, u...', '/var/www/elearn...', 109, Array)
#3 /var/www/Vendor/pear-pear.cakephp.org/CakePHP/Cake/Core/App.php(902): App::_checkFatalError()
#4 [internal function]: App::shutdown()
#5 {main}
2014-03-10 03:28:56 Error: Fatal Error (4): syntax error, unexpected T_DOUBLE_ARROW in [/var/www/elearning/Controller/LessonController.php, line 111]
2014-03-10 03:28:56 Error: [FatalErrorException] syntax error, unexpected T_DOUBLE_ARROW
Request URL: /lesson/deletestudent/student_id:16/lesson_id:54
Stack Trace:
#0 /var/www/Vendor/pear-pear.cakephp.org/CakePHP/Cake/Error/ErrorHandler.php(203): ErrorHandler::handleFatalError(4, 'syntax error, u...', '/var/www/elearn...', 111)
#1 [internal function]: ErrorHandler::handleError(4, 'syntax error, u...', '/var/www/elearn...', 111, Array)
#2 /var/www/Vendor/pear-pear.cakephp.org/CakePHP/Cake/Core/App.php(929): call_user_func('ErrorHandler::h...', 4, 'syntax error, u...', '/var/www/elearn...', 111, Array)
#3 /var/www/Vendor/pear-pear.cakephp.org/CakePHP/Cake/Core/App.php(902): App::_checkFatalError()
#4 [internal function]: App::shutdown()
#5 {main}
2014-03-10 03:28:57 Error: Fatal Error (4): syntax error, unexpected T_DOUBLE_ARROW in [/var/www/elearning/Controller/LessonController.php, line 111]
2014-03-10 03:28:57 Error: [FatalErrorException] syntax error, unexpected T_DOUBLE_ARROW
Request URL: /lesson/deletestudent/student_id:16/lesson_id:54
Stack Trace:
#0 /var/www/Vendor/pear-pear.cakephp.org/CakePHP/Cake/Error/ErrorHandler.php(203): ErrorHandler::handleFatalError(4, 'syntax error, u...', '/var/www/elearn...', 111)
#1 [internal function]: ErrorHandler::handleError(4, 'syntax error, u...', '/var/www/elearn...', 111, Array)
#2 /var/www/Vendor/pear-pear.cakephp.org/CakePHP/Cake/Core/App.php(929): call_user_func('ErrorHandler::h...', 4, 'syntax error, u...', '/var/www/elearn...', 111, Array)
#3 /var/www/Vendor/pear-pear.cakephp.org/CakePHP/Cake/Core/App.php(902): App::_checkFatalError()
#4 [internal function]: App::shutdown()
#5 {main}
